[2025-05-18 10:59:26] Page loaded with request method: GET
[2025-05-18 10:59:26] Session data: Array
(
    [requestor_id] => AAC052003
    [employee_email] => charlesleohermano@gmail.com
    [username] => PALOMARES, CHARLES LEO H.
    [role] => employee
    [success_message] => Testing status has been updated. The technical support team will review your testing results.
    [error_message] => Error: SQLSTATE[42S22]: Column not found: 1054 Unknown column 'employee_id' in 'field list'
)

[2025-05-18 10:59:28] Page loaded with request method: POST
[2025-05-18 10:59:28] Session data: Array
(
    [requestor_id] => AAC052003
    [employee_email] => charlesleohermano@gmail.com
    [username] => PALOMARES, CHARLES LEO H.
    [role] => employee
    [success_message] => Testing status has been updated. The technical support team will review your testing results.
    [error_message] => Error: SQLSTATE[42S22]: Column not found: 1054 Unknown column 'employee_id' in 'field list'
)

[2025-05-18 10:59:28] POST Data: Array
(
    [request_id] => 45
    [testing_status] => success
    [testing_notes] => qwe
)

[2025-05-18 10:59:28] Processing form submission
[2025-05-18 10:59:28] Request ID: 45
[2025-05-18 10:59:28] Testing Status: success
[2025-05-18 10:59:28] Testing Notes: qwe
[2025-05-18 10:59:28] Started transaction
[2025-05-18 10:59:28] Executing SELECT FOR UPDATE: SELECT * FROM access_requests 
                WHERE id = :request_id 
                AND employee_id = :employee_id 
                AND (status = 'pending_testing' OR status = 'pending_testing_setup')
                FOR UPDATE
[2025-05-18 10:59:28] Request data: {"id":45,"requestor_name":"PALOMARES, CHARLES LEO H.","business_unit":"AAC","access_request_number":"UAR-REQ2025-012","department":"INFORMATION TECHNOLOGY (IT)","email":"charlesleohermano@gmail.com","employee_id":"AAC052003","request_date":"0000-00-00","access_type":"System Application","justification":"qwe","system_type":"Quickbooks","other_system_type":null,"role_access_type":"","duration_type":"permanent","start_date":null,"end_date":null,"status":"pending_testing","testing_status":"pending","testing_notes":null,"testing_instructions":"qweqwewqewqe","submission_date":"2025-05-18 16:28:09","superior_id":6,"superior_review_date":"2025-05-18 16:28:28","superior_notes":"qwe","technical_id":9,"technical_review_date":"2025-05-18 16:29:46","technical_notes":"qwe","process_owner_id":10,"process_owner_review_date":"2025-05-18 16:29:02","process_owner_notes":"qwe","admin_id":3,"admin_review_date":"2025-05-18 16:29:19","admin_notes":"qwe","reviewed_by":null,"review_date":null,"review_notes":null}
[2025-05-18 10:59:28] Processing successful test
[2025-05-18 10:59:28] Executing UPDATE SQL: UPDATE access_requests 
                    SET status = 'approved',
                        testing_status = 'success',
                        testing_notes = :testing_notes,
                        review_notes = 'Automatically approved after successful testing',
                        review_date = NOW()
                    WHERE id = :request_id 
                    AND employee_id = :employee_id
                    AND (status = 'pending_testing' OR status = 'pending_testing_setup')
[2025-05-18 10:59:28] Update result: Success, Rows affected: 1
[2025-05-18 10:59:28] After update, status is now: Array
(
    [status] => approved
    [testing_status] => success
)

[2025-05-18 10:59:44] Page loaded with request method: GET
[2025-05-18 10:59:44] Session data: Array
(
    [requestor_id] => AAC052003
    [employee_email] => charlesleohermano@gmail.com
    [username] => PALOMARES, CHARLES LEO H.
    [role] => employee
    [success_message] => Testing status has been updated. The technical support team will review your testing results.
    [error_message] => Error: SQLSTATE[42S22]: Column not found: 1054 Unknown column 'employee_id' in 'field list'
)

[2025-05-18 10:59:51] Page loaded with request method: POST
[2025-05-18 10:59:51] Session data: Array
(
    [requestor_id] => AAC052003
    [employee_email] => charlesleohermano@gmail.com
    [username] => PALOMARES, CHARLES LEO H.
    [role] => employee
    [success_message] => Testing status has been updated. The technical support team will review your testing results.
    [error_message] => Error: SQLSTATE[42S22]: Column not found: 1054 Unknown column 'employee_id' in 'field list'
)

[2025-05-18 10:59:51] POST Data: Array
(
    [request_id] => 45
    [testing_status] => success
    [testing_notes] => qwe
)

[2025-05-18 10:59:51] Processing form submission
[2025-05-18 10:59:51] Request ID: 45
[2025-05-18 10:59:51] Testing Status: success
[2025-05-18 10:59:51] Testing Notes: qwe
[2025-05-18 10:59:51] Started transaction
[2025-05-18 10:59:51] Executing SELECT FOR UPDATE: SELECT * FROM access_requests 
                WHERE id = :request_id 
                AND employee_id = :employee_id 
                AND (status = 'pending_testing' OR status = 'pending_testing_setup')
                FOR UPDATE
[2025-05-18 10:59:51] Request data: {"id":45,"requestor_name":"PALOMARES, CHARLES LEO H.","business_unit":"AAC","access_request_number":"UAR-REQ2025-012","department":"INFORMATION TECHNOLOGY (IT)","email":"charlesleohermano@gmail.com","employee_id":"AAC052003","request_date":"0000-00-00","access_type":"System Application","justification":"qwe","system_type":"Quickbooks","other_system_type":null,"role_access_type":"","duration_type":"permanent","start_date":null,"end_date":null,"status":"pending_testing","testing_status":"pending","testing_notes":null,"testing_instructions":"qweqwewqewqe","submission_date":"2025-05-18 16:28:09","superior_id":6,"superior_review_date":"2025-05-18 16:28:28","superior_notes":"qwe","technical_id":9,"technical_review_date":"2025-05-18 16:29:46","technical_notes":"qwe","process_owner_id":10,"process_owner_review_date":"2025-05-18 16:29:02","process_owner_notes":"qwe","admin_id":3,"admin_review_date":"2025-05-18 16:29:19","admin_notes":"qwe","reviewed_by":null,"review_date":null,"review_notes":null}
[2025-05-18 10:59:51] Processing successful test
[2025-05-18 10:59:51] Executing UPDATE SQL: UPDATE access_requests 
                    SET status = 'approved',
                        testing_status = 'success',
                        testing_notes = :testing_notes,
                        review_notes = 'Automatically approved after successful testing',
                        review_date = NOW()
                    WHERE id = :request_id 
                    AND employee_id = :employee_id
                    AND (status = 'pending_testing' OR status = 'pending_testing_setup')
[2025-05-18 10:59:51] Update result: Success, Rows affected: 1
[2025-05-18 10:59:51] After update, status is now: Array
(
    [status] => approved
    [testing_status] => success
)

[2025-05-18 10:59:51] Error occurred: SQLSTATE[42S22]: Column not found: 1054 Unknown column 'employee_id' in 'field list'
[2025-05-18 10:59:51] Stack trace: #0 D:\xampp\htdocs\uar\requestor\testing_status.php(129): PDOStatement->execute(Array)
#1 {main}
[2025-05-18 10:59:51] Redirecting to dashboard with error message: Error: SQLSTATE[42S22]: Column not found: 1054 Unknown column 'employee_id' in 'field list'
[2025-05-18 11:00:02] Page loaded with request method: GET
[2025-05-18 11:00:02] Session data: Array
(
    [requestor_id] => AAC052003
    [employee_email] => charlesleohermano@gmail.com
    [username] => PALOMARES, CHARLES LEO H.
    [role] => employee
    [success_message] => Testing status has been updated. The technical support team will review your testing results.
    [error_message] => Error: SQLSTATE[42S22]: Column not found: 1054 Unknown column 'employee_id' in 'field list'
)

[2025-05-18 11:00:04] Page loaded with request method: POST
[2025-05-18 11:00:04] Session data: Array
(
    [requestor_id] => AAC052003
    [employee_email] => charlesleohermano@gmail.com
    [username] => PALOMARES, CHARLES LEO H.
    [role] => employee
    [success_message] => Testing status has been updated. The technical support team will review your testing results.
    [error_message] => Error: SQLSTATE[42S22]: Column not found: 1054 Unknown column 'employee_id' in 'field list'
)

[2025-05-18 11:00:04] POST Data: Array
(
    [request_id] => 45
    [testing_status] => success
    [testing_notes] => qweqwe
)

[2025-05-18 11:00:04] Processing form submission
[2025-05-18 11:00:04] Request ID: 45
[2025-05-18 11:00:04] Testing Status: success
[2025-05-18 11:00:04] Testing Notes: qweqwe
[2025-05-18 11:00:04] Started transaction
[2025-05-18 11:00:04] Executing SELECT FOR UPDATE: SELECT * FROM access_requests 
                WHERE id = :request_id 
                AND employee_id = :employee_id 
                AND (status = 'pending_testing' OR status = 'pending_testing_setup')
                FOR UPDATE
[2025-05-18 11:00:04] Request data: {"id":45,"requestor_name":"PALOMARES, CHARLES LEO H.","business_unit":"AAC","access_request_number":"UAR-REQ2025-012","department":"INFORMATION TECHNOLOGY (IT)","email":"charlesleohermano@gmail.com","employee_id":"AAC052003","request_date":"0000-00-00","access_type":"System Application","justification":"qwe","system_type":"Quickbooks","other_system_type":null,"role_access_type":"","duration_type":"permanent","start_date":null,"end_date":null,"status":"pending_testing","testing_status":"pending","testing_notes":null,"testing_instructions":"qweqwewqewqe","submission_date":"2025-05-18 16:28:09","superior_id":6,"superior_review_date":"2025-05-18 16:28:28","superior_notes":"qwe","technical_id":9,"technical_review_date":"2025-05-18 16:29:46","technical_notes":"qwe","process_owner_id":10,"process_owner_review_date":"2025-05-18 16:29:02","process_owner_notes":"qwe","admin_id":3,"admin_review_date":"2025-05-18 16:29:19","admin_notes":"qwe","reviewed_by":null,"review_date":null,"review_notes":null}
[2025-05-18 11:00:04] Processing successful test
[2025-05-18 11:00:04] Executing UPDATE SQL: UPDATE access_requests 
                    SET status = 'approved',
                        testing_status = 'success',
                        testing_notes = :testing_notes,
                        review_notes = 'Automatically approved after successful testing',
                        review_date = NOW()
                    WHERE id = :request_id 
                    AND employee_id = :employee_id
                    AND (status = 'pending_testing' OR status = 'pending_testing_setup')
[2025-05-18 11:00:04] Update result: Success, Rows affected: 1
[2025-05-18 11:00:04] After update, status is now: Array
(
    [status] => approved
    [testing_status] => success
)

[2025-05-18 11:00:04] Error occurred: SQLSTATE[42S22]: Column not found: 1054 Unknown column 'employee_id' in 'field list'
[2025-05-18 11:00:04] Stack trace: #0 D:\xampp\htdocs\uar\requestor\testing_status.php(129): PDOStatement->execute(Array)
#1 {main}
[2025-05-18 11:00:04] Redirecting to dashboard with error message: Error: SQLSTATE[42S22]: Column not found: 1054 Unknown column 'employee_id' in 'field list'
[2025-05-18 11:01:26] Page loaded with request method: GET
[2025-05-18 11:01:26] Session data: Array
(
    [requestor_id] => AAC052003
    [employee_email] => charlesleohermano@gmail.com
    [username] => PALOMARES, CHARLES LEO H.
    [role] => employee
    [success_message] => Testing status has been updated. The technical support team will review your testing results.
    [error_message] => Error: SQLSTATE[42S22]: Column not found: 1054 Unknown column 'employee_id' in 'field list'
)

[2025-05-18 11:01:28] Page loaded with request method: POST
[2025-05-18 11:01:28] Session data: Array
(
    [requestor_id] => AAC052003
    [employee_email] => charlesleohermano@gmail.com
    [username] => PALOMARES, CHARLES LEO H.
    [role] => employee
    [success_message] => Testing status has been updated. The technical support team will review your testing results.
    [error_message] => Error: SQLSTATE[42S22]: Column not found: 1054 Unknown column 'employee_id' in 'field list'
)

[2025-05-18 11:01:28] POST Data: Array
(
    [request_id] => 45
    [action] => update_testing
    [testing_status] => success
    [testing_notes] => qwe
)

[2025-05-18 11:01:28] Processing form submission with action: update_testing
[2025-05-18 11:01:28] Request ID: 45
[2025-05-18 11:01:28] Testing Status: success
[2025-05-18 11:01:28] Testing Notes: qwe
[2025-05-18 11:01:28] Started transaction
[2025-05-18 11:01:28] Executing SELECT FOR UPDATE: SELECT * FROM access_requests 
                WHERE id = :request_id 
                AND employee_id = :employee_id 
                AND (status = 'pending_testing' OR status = 'pending_testing_setup')
                FOR UPDATE
[2025-05-18 11:01:28] Request data: {"id":45,"requestor_name":"PALOMARES, CHARLES LEO H.","business_unit":"AAC","access_request_number":"UAR-REQ2025-012","department":"INFORMATION TECHNOLOGY (IT)","email":"charlesleohermano@gmail.com","employee_id":"AAC052003","request_date":"0000-00-00","access_type":"System Application","justification":"qwe","system_type":"Quickbooks","other_system_type":null,"role_access_type":"","duration_type":"permanent","start_date":null,"end_date":null,"status":"pending_testing","testing_status":"pending","testing_notes":null,"testing_instructions":"qweqwewqewqe","submission_date":"2025-05-18 16:28:09","superior_id":6,"superior_review_date":"2025-05-18 16:28:28","superior_notes":"qwe","technical_id":9,"technical_review_date":"2025-05-18 16:29:46","technical_notes":"qwe","process_owner_id":10,"process_owner_review_date":"2025-05-18 16:29:02","process_owner_notes":"qwe","admin_id":3,"admin_review_date":"2025-05-18 16:29:19","admin_notes":"qwe","reviewed_by":null,"review_date":null,"review_notes":null}
[2025-05-18 11:01:28] Processing successful test
[2025-05-18 11:01:28] Executing UPDATE SQL: UPDATE access_requests 
                    SET status = 'approved',
                        testing_status = 'success',
                        testing_notes = :testing_notes,
                        review_notes = 'Automatically approved after successful testing',
                        review_date = NOW()
                    WHERE id = :request_id 
                    AND employee_id = :employee_id
                    AND (status = 'pending_testing' OR status = 'pending_testing_setup')
[2025-05-18 11:01:28] Update result: Success, Rows affected: 1
[2025-05-18 11:01:28] After update, status is now: Array
(
    [status] => approved
    [testing_status] => success
)

[2025-05-18 11:01:28] Error occurred: SQLSTATE[42S22]: Column not found: 1054 Unknown column 'employee_id' in 'field list'
[2025-05-18 11:01:28] Stack trace: #0 D:\xampp\htdocs\uar\requestor\testing_status.php(129): PDOStatement->execute(Array)
#1 {main}
[2025-05-18 11:01:28] Redirecting to dashboard with error message: Error: SQLSTATE[42S22]: Column not found: 1054 Unknown column 'employee_id' in 'field list'
