Database connection failed: SQLSTATE[28000]: [Microsoft][ODBC Driver 17 for SQL Server][SQL Server]Login failed for user 'root'.OTP email error: SMTP Error: Could not authenticate.
OTP email error: SMTP Error: Could not authenticate.
OTP email error: SMTP Error: Could not authenticate.
OTP email error: SMTP Error: Could not authenticate.
OTP email error: SMTP Error: Could not authenticate.
OTP email error: SMTP Error: Could not authenticate.
Database connection failed: SQLSTATE[28000]: [Microsoft][ODBC Driver 17 for SQL Server][SQL Server]Login failed for user 'uar_user'.
Database connection failed: SQLSTATE[28000]: [Microsoft][ODBC Driver 17 for SQL Server][SQL Server]Login failed for user 'uar_user'.
Database connection failed: SQLSTATE[28000]: [Microsoft][ODBC Driver 17 for SQL Server][SQL Server]Login failed for user 'uar_user'.
Database connection failed: SQLSTATE[28000]: [Microsoft][ODBC Driver 17 for SQL Server][SQL Server]Login failed for user 'uar_user'.
Database connection failed: SQLSTATE[28000]: [Microsoft][ODBC Driver 17 for SQL Server][SQL Server]Login failed for user 'uar_user'.
Database connection failed: SQLSTATE[28000]: [Microsoft][ODBC Driver 17 for SQL Server][SQL Server]Login failed for user 'uar_user'.
Database connection failed: SQLSTATE[28000]: [Microsoft][ODBC Driver 17 for SQL Server][SQL Server]Login failed for user 'uar_user'.
Database connection failed: SQLSTATE[28000]: [Microsoft][ODBC Driver 17 for SQL Server][SQL Server]Login failed for user 'uar_user'.
Database connection failed: SQLSTATE[28000]: [Microsoft][ODBC Driver 17 for SQL Server][SQL Server]Login failed for user 'uar_user'.
Database connection failed: SQLSTATE[28000]: [Microsoft][ODBC Driver 17 for SQL Server][SQL Server]Login failed for user 'uar_user'.
Database connection failed: SQLSTATE[28000]: [Microsoft][ODBC Driver 17 for SQL Server][SQL Server]Login failed for user 'uar_user'.
Database connection failed: SQLSTATE[28000]: [Microsoft][ODBC Driver 17 for SQL Server][SQL Server]Login failed for user 'uar_user'.
Database connection failed: SQLSTATE[28000]: [Microsoft][ODBC Driver 17 for SQL Server][SQL Server]Login failed for user 'uar_user'.
Database connection failed: SQLSTATE[28000]: [Microsoft][ODBC Driver 17 for SQL Server][SQL Server]Login failed for user 'uar_user'.
Database connection failed: SQLSTATE[28000]: [Microsoft][ODBC Driver 17 for SQL Server][SQL Server]Login failed for user 'uar_user'.
Database connection failed: SQLSTATE[28000]: [Microsoft][ODBC Driver 17 for SQL Server][SQL Server]Login failed for user 'uar_user'.
Database connection failed: SQLSTATE[28000]: [Microsoft][ODBC Driver 17 for SQL Server][SQL Server]Login failed for user 'uar_user'.
Database connection failed: SQLSTATE[28000]: [Microsoft][ODBC Driver 17 for SQL Server][SQL Server]Login failed for user 'uar_user'.
Database connection failed: SQLSTATE[28000]: [Microsoft][ODBC Driver 17 for SQL Server][SQL Server]Login failed for user 'uar_user'.
Database connection failed: SQLSTATE[28000]: [Microsoft][ODBC Driver 17 for SQL Server][SQL Server]Login failed for user 'uar_user'.
OTP email error: SMTP Error: Could not authenticate.
Database connection failed: SQLSTATE[IMSSP]: An unsupported attribute was designated on the PDO object.
Database connection failed: SQLSTATE[IMSSP]: An unsupported attribute was designated on the PDO object.
Database connection failed: SQLSTATE[IMSSP]: An unsupported attribute was designated on the PDO object.
Database connection failed: SQLSTATE[IMSSP]: An unsupported attribute was designated on the PDO object.
Database connection failed: SQLSTATE[IMSSP]: An unsupported attribute was designated on the PDO object.
Database connection failed: SQLSTATE[IMSSP]: An unsupported attribute was designated on the PDO object.
Database connection failed: SQLSTATE[08001]: [Microsoft][ODBC Driver 17 for SQL Server]Named Pipes Provider: Could not open a connection to SQL Server [2]. 
Database connection failed: SQLSTATE[08001]: [Microsoft][ODBC Driver 17 for SQL Server]Named Pipes Provider: Could not open a connection to SQL Server [2]. 
Database connection failed: SQLSTATE[08001]: [Microsoft][ODBC Driver 17 for SQL Server]Named Pipes Provider: Could not open a connection to SQL Server [2]. 
Database connection failed: SQLSTATE[08001]: [Microsoft][ODBC Driver 17 for SQL Server]Named Pipes Provider: Could not open a connection to SQL Server [2]. 
Database connection failed: SQLSTATE[08001]: [Microsoft][ODBC Driver 17 for SQL Server]Named Pipes Provider: Could not open a connection to SQL Server [2]. 
Database connection failed: SQLSTATE[08001]: [Microsoft][ODBC Driver 17 for SQL Server]Named Pipes Provider: Could not open a connection to SQL Server [2]. 
Database connection failed: SQLSTATE[08001]: [Microsoft][ODBC Driver 17 for SQL Server]Named Pipes Provider: Could not open a connection to SQL Server [2]. 
Database connection failed: SQLSTATE[08001]: [Microsoft][ODBC Driver 17 for SQL Server]Named Pipes Provider: Could not open a connection to SQL Server [2]. 
Database connection failed: SQLSTATE[08001]: [Microsoft][ODBC Driver 17 for SQL Server]Named Pipes Provider: Could not open a connection to SQL Server [2]. 
Database connection failed: SQLSTATE[08001]: [Microsoft][ODBC Driver 17 for SQL Server]Named Pipes Provider: Could not open a connection to SQL Server [2]. 
Database connection failed: SQLSTATE[42000]: [Microsoft][ODBC Driver 17 for SQL Server][SQL Server]Login failed for user 'uar'. Reason: Server is in single user mode. Only one administrator can connect at this time.
Database connection failed: SQLSTATE[42000]: [Microsoft][ODBC Driver 17 for SQL Server][SQL Server]Login failed for user 'uar'. Reason: Server is in single user mode. Only one administrator can connect at this time.
Database connection failed: SQLSTATE[42000]: [Microsoft][ODBC Driver 17 for SQL Server][SQL Server]Login failed for user 'uar'. Reason: Server is in single user mode. Only one administrator can connect at this time.
Database connection failed: SQLSTATE[42000]: [Microsoft][ODBC Driver 17 for SQL Server][SQL Server]Login failed for user 'uar'. Reason: Server is in single user mode. Only one administrator can connect at this time.
Database connection failed: SQLSTATE[28000]: [Microsoft][ODBC Driver 17 for SQL Server][SQL Server]Login failed for user 'uar_user'.
Database connection failed: All connection methods failed. Last error: SQLSTATE[08001]: [Microsoft][ODBC Driver 17 for SQL Server]Named Pipes Provider: Could not open a connection to SQL Server [5]. 
Database connection failed: All connection methods failed. Last error: SQLSTATE[08001]: [Microsoft][ODBC Driver 17 for SQL Server]Named Pipes Provider: Could not open a connection to SQL Server [5]. 
